#
# A fatal error has been detected by the Java Runtime Environment:
#
#  EXCEPTION_ACCESS_VIOLATION (0xc0000005) at pc=0x00007ffea3c3c4a9, pid=7056, tid=0x0000000000004a70
#
# JRE version: Java(TM) SE Runtime Environment (8.0_261-b12) (build 1.8.0_261-b12)
# Java VM: Java HotSpot(TM) 64-Bit Server VM (25.261-b12 mixed mode windows-amd64 compressed oops)
# Problematic frame:
# C  [lwjgl_opengl.dll+0xc4a9]
#
# Failed to write core dump. Minidumps are not enabled by default on client versions of Windows
#
# If you would like to submit a bug report, please visit:
#   http://bugreport.java.com/bugreport/crash.jsp
# The crash happened outside the Java Virtual Machine in native code.
# See problematic frame for where to report the bug.
#

---------------  T H R E A D  ---------------

Current thread (0x000001c511309800):  JavaThread "main" [_thread_in_native, id=19056, stack(0x00000068b2a00000,0x00000068b2b00000)]

siginfo: ExceptionCode=0xc0000005, reading address 0x0000000000000070

Registers:
RAX=0x000001c52ea08ba0, RBX=0x000001c52b8c31e0, RCX=0x0000000000000000, RDX=0x00000068b2aff4f0
RSP=0x00000068b2aff458, RBP=0x00000068b2aff4e0, RSI=0x0000000000000001, RDI=0x000001c52b760f70
R8 =0x000001c52e884bd8, R9 =0x0000000000000004, R10=0x000001c512d39f22, R11=0x0000000058849e30
R12=0x0000000000000000, R13=0x000001c52b8c31d8, R14=0x00000068b2aff518, R15=0x000001c511309800
RIP=0x00007ffea3c3c4a9, EFLAGS=0x0000000000010206

Top of Stack: (sp=0x00000068b2aff458)
0x00000068b2aff458:   000001c512d39f4e 000001c52b760f70
0x00000068b2aff468:   000001c512d39c45 000001c52b8c31e0
0x00000068b2aff478:   00000068b2aff4e0 000000003f000000
0x00000068b2aff488:   000001c53f000000 00000068b2aff588
0x00000068b2aff498:   000001c512d39c02 00000068b2aff4a0
0x00000068b2aff4a8:   000001c52b8c31d8 00000068b2aff518
0x00000068b2aff4b8:   000001c52b8ce130 0000000000000000
0x00000068b2aff4c8:   000001c52b8c31e0 0000000000000000
0x00000068b2aff4d8:   00000068b2aff500 00000068b2aff560
0x00000068b2aff4e8:   000001c512d2837d 000000076d27de40
0x00000068b2aff4f8:   000001c512d32d78 000000003f000000
0x00000068b2aff508:   000001c53f000000 0000000040a00000
0x00000068b2aff518:   000001c53f000000 00000068b2aff520
0x00000068b2aff528:   000001c52b76cea4 00000068b2aff588
0x00000068b2aff538:   000001c52b796900 0000000000000000
0x00000068b2aff548:   000001c52b76cee8 00000068b2aff500 

Instructions: (pc=0x00007ffea3c3c4a9)
0x00007ffea3c3c489:   18 48 ff 62 60 cc cc 48 8b 01 0f 28 cb f3 0f 10
0x00007ffea3c3c499:   5c 24 30 0f 28 c2 f3 0f 10 54 24 28 48 8b 48 18
0x00007ffea3c3c4a9:   48 ff 61 70 cc cc cc 48 8b 01 0f 28 c2 48 8b 48
0x00007ffea3c3c4b9:   18 48 ff 61 78 cc cc 48 8b 01 41 8b c8 48 8b 50 


Register to memory mapping:

RAX=0x000001c52ea08ba0 is an unknown value
RBX={method} {0x000001c52b8c31e8} 'glClearColor' '(FFFF)V' in 'org/lwjgl/opengl/GL11C'
RCX=0x0000000000000000 is an unknown value
RDX=0x00000068b2aff4f0 is pointing into the stack for thread: 0x000001c511309800
RSP=0x00000068b2aff458 is pointing into the stack for thread: 0x000001c511309800
RBP=0x00000068b2aff4e0 is pointing into the stack for thread: 0x000001c511309800
RSI=0x0000000000000001 is an unknown value
RDI={method} {0x000001c52b760f78} 'main' '([Ljava/lang/String;)V' in 'game/shenanigans/HelloWorld'
R8 =0x000001c52e884bd8 is an unknown value
R9 =0x0000000000000004 is an unknown value
R10=0x000001c512d39f22 is at code_begin+962 in an Interpreter codelet
method entry point (kind = native)  [0x000001c512d39b60, 0x000001c512d3a600]  2720 bytes
R11=0x0000000058849e30 is an unknown value
R12=0x0000000000000000 is an unknown value
R13=0x000001c52b8c31d8 is pointing into metadata
R14=0x00000068b2aff518 is pointing into the stack for thread: 0x000001c511309800
R15=0x000001c511309800 is a thread


Stack: [0x00000068b2a00000,0x00000068b2b00000],  sp=0x00000068b2aff458,  free space=1021k
Native frames: (J=compiled Java code, j=interpreted, Vv=VM code, C=native code)
C  [lwjgl_opengl.dll+0xc4a9]

Java frames: (J=compiled Java code, j=interpreted, Vv=VM code)
j  org.lwjgl.opengl.GL11C.glClearColor(FFFF)V+0
j  org.lwjgl.opengl.GL11.glClearColor(FFFF)V+4
j  game.shenanigans.HelloWorld.main([Ljava/lang/String;)V+8
v  ~StubRoutines::call_stub

---------------  P R O C E S S  ---------------

Java Threads: ( => current thread )
  0x000001c52e320000 JavaThread "Service Thread" daemon [_thread_blocked, id=6116, stack(0x00000068b3e00000,0x00000068b3f00000)]
  0x000001c52be2d800 JavaThread "C1 CompilerThread3" daemon [_thread_blocked, id=17140, stack(0x00000068b3d00000,0x00000068b3e00000)]
  0x000001c52be2b800 JavaThread "C2 CompilerThread2" daemon [_thread_blocked, id=12668, stack(0x00000068b3c00000,0x00000068b3d00000)]
  0x000001c52be28000 JavaThread "C2 CompilerThread1" daemon [_thread_blocked, id=6744, stack(0x00000068b3b00000,0x00000068b3c00000)]
  0x000001c52be38800 JavaThread "C2 CompilerThread0" daemon [_thread_blocked, id=16212, stack(0x00000068b3a00000,0x00000068b3b00000)]
  0x000001c52be37800 JavaThread "Attach Listener" daemon [_thread_blocked, id=10708, stack(0x00000068b3900000,0x00000068b3a00000)]
  0x000001c52be37000 JavaThread "Signal Dispatcher" daemon [_thread_blocked, id=17000, stack(0x00000068b3800000,0x00000068b3900000)]
  0x000001c52be07000 JavaThread "Finalizer" daemon [_thread_blocked, id=14888, stack(0x00000068b3700000,0x00000068b3800000)]
  0x000001c52bdff800 JavaThread "Reference Handler" daemon [_thread_blocked, id=13576, stack(0x00000068b3600000,0x00000068b3700000)]
=>0x000001c511309800 JavaThread "main" [_thread_in_native, id=19056, stack(0x00000068b2a00000,0x00000068b2b00000)]

Other Threads:
  0x000001c52bdd5000 VMThread [stack: 0x00000068b3500000,0x00000068b3600000] [id=10060]
  0x000001c52be53800 WatcherThread [stack: 0x00000068b3f00000,0x00000068b4000000] [id=11948]

VM state:not at safepoint (normal execution)

VM Mutex/Monitor currently owned by a thread: None

heap address: 0x00000006c5000000, size: 4016 MB, Compressed Oops mode: Zero based, Oop shift amount: 3
Narrow klass base: 0x0000000000000000, Narrow klass shift: 3
Compressed class space size: 1073741824 Address: 0x00000007c0000000

Heap:
 PSYoungGen      total 75264K, used 14247K [0x000000076c580000, 0x0000000771980000, 0x00000007c0000000)
  eden space 64512K, 22% used [0x000000076c580000,0x000000076d369de0,0x0000000770480000)
  from space 10752K, 0% used [0x0000000770f00000,0x0000000770f00000,0x0000000771980000)
  to   space 10752K, 0% used [0x0000000770480000,0x0000000770480000,0x0000000770f00000)
 ParOldGen       total 172032K, used 0K [0x00000006c5000000, 0x00000006cf800000, 0x000000076c580000)
  object space 172032K, 0% used [0x00000006c5000000,0x00000006c5000000,0x00000006cf800000)
 Metaspace       used 6097K, capacity 6260K, committed 6400K, reserved 1056768K
  class space    used 619K, capacity 692K, committed 768K, reserved 1048576K

Card table byte_map: [0x000001c5220e0000,0x000001c5228c0000] byte_map_base: 0x000001c51eab8000

Marking Bits: (ParMarkBitMap*) 0x0000000058e04fb0
 Begin Bits: [0x000001c522e00000, 0x000001c526cc0000)
 End Bits:   [0x000001c526cc0000, 0x000001c52ab80000)

Polling page: 0x000001c5114d0000

CodeCache: size=245760Kb used=2737Kb max_used=2737Kb free=243022Kb
 bounds [0x000001c512d20000, 0x000001c512fd0000, 0x000001c521d20000]
 total_blobs=1373 nmethods=529 adapters=757
 compilation: enabled

Compilation events (10 events):
Event: 0.270 Thread 0x000001c52be2d800  525       3       java.lang.Integer::toUnsignedLong (7 bytes)
Event: 0.270 Thread 0x000001c52be2d800 nmethod 525 0x000001c512f85b50 code [0x000001c512f85ca0, 0x000001c512f85df8]
Event: 0.270 Thread 0x000001c52be2d800  526       3       org.lwjgl.system.MemoryUtil::write8 (19 bytes)
Event: 0.270 Thread 0x000001c52be2d800 nmethod 526 0x000001c512f85e90 code [0x000001c512f85fe0, 0x000001c512f86198]
Event: 0.270 Thread 0x000001c52be2d800  524  s    3       java.util.Vector::elementAt (48 bytes)
Event: 0.270 Thread 0x000001c52be2d800 nmethod 524 0x000001c512f86250 code [0x000001c512f86460, 0x000001c512f86ff0]
Event: 0.276 Thread 0x000001c52be2d800  529       1       java.lang.Integer::toUnsignedLong (7 bytes)
Event: 0.276 Thread 0x000001c52be2d800 nmethod 529 0x000001c512fcc750 code [0x000001c512fcc8a0, 0x000001c512fcc998]
Event: 0.276 Thread 0x000001c52be2d800  528       3       org.lwjgl.system.MemoryUtil::memPutAddress (29 bytes)
Event: 0.276 Thread 0x000001c52be2d800 nmethod 528 0x000001c512fcca10 code [0x000001c512fccb60, 0x000001c512fcccd8]

GC Heap History (0 events):
No events

Deoptimization events (2 events):
Event: 0.131 Thread 0x000001c511309800 Uncommon trap: reason=unstable_if action=reinterpret pc=0x000001c512e659b4 method=java.lang.String.hashCode()I @ 14
Event: 0.264 Thread 0x000001c511309800 Uncommon trap: reason=unstable_if action=reinterpret pc=0x000001c512f4739c method=java.util.HashMap.getNode(ILjava/lang/Object;)Ljava/util/HashMap$Node; @ 116

Classes redefined (0 events):
No events

Internal exceptions (10 events):
Event: 0.270 Thread 0x000001c511309800 Exception <a 'java/security/PrivilegedActionException'> (0x000000076d20b6d0) thrown at [C:\jenkins\workspace\8-2-build-windows-amd64-cygwin\jdk8u261\295\hotspot\src\share\vm\prims\jvm.cpp, line 1512]
Event: 0.270 Thread 0x000001c511309800 Exception <a 'java/security/PrivilegedActionException'> (0x000000076d20bac8) thrown at [C:\jenkins\workspace\8-2-build-windows-amd64-cygwin\jdk8u261\295\hotspot\src\share\vm\prims\jvm.cpp, line 1512]
Event: 0.270 Thread 0x000001c511309800 Exception <a 'java/security/PrivilegedActionException'> (0x000000076d2113a8) thrown at [C:\jenkins\workspace\8-2-build-windows-amd64-cygwin\jdk8u261\295\hotspot\src\share\vm\prims\jvm.cpp, line 1512]
Event: 0.270 Thread 0x000001c511309800 Exception <a 'java/security/PrivilegedActionException'> (0x000000076d2117a0) thrown at [C:\jenkins\workspace\8-2-build-windows-amd64-cygwin\jdk8u261\295\hotspot\src\share\vm\prims\jvm.cpp, line 1512]
Event: 0.275 Thread 0x000001c511309800 Exception <a 'java/security/PrivilegedActionException'> (0x000000076d2488a8) thrown at [C:\jenkins\workspace\8-2-build-windows-amd64-cygwin\jdk8u261\295\hotspot\src\share\vm\prims\jvm.cpp, line 1512]
Event: 0.275 Thread 0x000001c511309800 Exception <a 'java/security/PrivilegedActionException'> (0x000000076d248ca0) thrown at [C:\jenkins\workspace\8-2-build-windows-amd64-cygwin\jdk8u261\295\hotspot\src\share\vm\prims\jvm.cpp, line 1512]
Event: 0.275 Thread 0x000001c511309800 Exception <a 'java/security/PrivilegedActionException'> (0x000000076d24b050) thrown at [C:\jenkins\workspace\8-2-build-windows-amd64-cygwin\jdk8u261\295\hotspot\src\share\vm\prims\jvm.cpp, line 1512]
Event: 0.275 Thread 0x000001c511309800 Exception <a 'java/security/PrivilegedActionException'> (0x000000076d24b448) thrown at [C:\jenkins\workspace\8-2-build-windows-amd64-cygwin\jdk8u261\295\hotspot\src\share\vm\prims\jvm.cpp, line 1512]
Event: 0.275 Thread 0x000001c511309800 Exception <a 'java/security/PrivilegedActionException'> (0x000000076d251ea8) thrown at [C:\jenkins\workspace\8-2-build-windows-amd64-cygwin\jdk8u261\295\hotspot\src\share\vm\prims\jvm.cpp, line 1512]
Event: 0.275 Thread 0x000001c511309800 Exception <a 'java/security/PrivilegedActionException'> (0x000000076d2522a0) thrown at [C:\jenkins\workspace\8-2-build-windows-amd64-cygwin\jdk8u261\295\hotspot\src\share\vm\prims\jvm.cpp, line 1512]

Events (10 events):
Event: 0.269 loading class org/lwjgl/system/jemalloc/JEmalloc$Functions
Event: 0.269 loading class org/lwjgl/system/jemalloc/JEmalloc$Functions done
Event: 0.270 loading class org/lwjgl/system/JNI
Event: 0.270 loading class org/lwjgl/system/JNI done
Event: 0.275 loading class org/lwjgl/opengl/GL$1
Event: 0.275 loading class org/lwjgl/opengl/GL$1 done
Event: 0.275 loading class org/lwjgl/system/SharedLibrary$Delegate
Event: 0.275 loading class org/lwjgl/system/SharedLibrary$Delegate done
Event: 0.276 loading class org/lwjgl/opengl/GL11C
Event: 0.276 loading class org/lwjgl/opengl/GL11C done


Dynamic libraries:
0x00007ff65f300000 - 0x00007ff65f347000 	C:\Program Files\Java\jdk1.8.0_261\bin\java.exe
0x00007ffeca930000 - 0x00007ffecab28000 	C:\WINDOWS\SYSTEM32\ntdll.dll
0x00007ffec8cf0000 - 0x00007ffec8dad000 	C:\WINDOWS\System32\KERNEL32.DLL
0x00007ffec8650000 - 0x00007ffec891e000 	C:\WINDOWS\System32\KERNELBASE.dll
0x00007ffec8fd0000 - 0x00007ffec907e000 	C:\WINDOWS\System32\ADVAPI32.dll
0x00007ffec8c50000 - 0x00007ffec8cee000 	C:\WINDOWS\System32\msvcrt.dll
0x00007ffec8a80000 - 0x00007ffec8b1c000 	C:\WINDOWS\System32\sechost.dll
0x00007ffec8ea0000 - 0x00007ffec8fc5000 	C:\WINDOWS\System32\RPCRT4.dll
0x00007ffec9830000 - 0x00007ffec99d0000 	C:\WINDOWS\System32\USER32.dll
0x00007ffec8330000 - 0x00007ffec8352000 	C:\WINDOWS\System32\win32u.dll
0x00007ffeca780000 - 0x00007ffeca7aa000 	C:\WINDOWS\System32\GDI32.dll
0x00007ffec84a0000 - 0x00007ffec85ab000 	C:\WINDOWS\System32\gdi32full.dll
0x00007ffec85b0000 - 0x00007ffec864d000 	C:\WINDOWS\System32\msvcp_win.dll
0x00007ffec8230000 - 0x00007ffec8330000 	C:\WINDOWS\System32\ucrtbase.dll
0x00007ffeb0380000 - 0x00007ffeb061a000 	C:\WINDOWS\WinSxS\amd64_microsoft.windows.common-controls_6595b64144ccf1df_6.0.19041.1110_none_60b5254171f9507e\COMCTL32.dll
0x00007ffeca750000 - 0x00007ffeca780000 	C:\WINDOWS\System32\IMM32.DLL
0x00007ffe6f140000 - 0x00007ffe6f155000 	C:\Program Files\Java\jdk1.8.0_261\jre\bin\vcruntime140.dll
0x00007ffe6f0a0000 - 0x00007ffe6f13b000 	C:\Program Files\Java\jdk1.8.0_261\jre\bin\msvcp140.dll
0x0000000058610000 - 0x0000000058e7c000 	C:\Program Files\Java\jdk1.8.0_261\jre\bin\server\jvm.dll
0x00007ffeca740000 - 0x00007ffeca748000 	C:\WINDOWS\System32\PSAPI.DLL
0x00007ffea4730000 - 0x00007ffea4739000 	C:\WINDOWS\SYSTEM32\WSOCK32.dll
0x00007ffeb77d0000 - 0x00007ffeb77f7000 	C:\WINDOWS\SYSTEM32\WINMM.dll
0x00007ffec2850000 - 0x00007ffec285a000 	C:\WINDOWS\SYSTEM32\VERSION.dll
0x00007ffec8e30000 - 0x00007ffec8e9b000 	C:\WINDOWS\System32\WS2_32.dll
0x00007ffec5f70000 - 0x00007ffec5f82000 	C:\WINDOWS\SYSTEM32\kernel.appcore.dll
0x00007ffea0820000 - 0x00007ffea0830000 	C:\Program Files\Java\jdk1.8.0_261\jre\bin\verify.dll
0x00007ffe6e4b0000 - 0x00007ffe6e4db000 	C:\Program Files\Java\jdk1.8.0_261\jre\bin\java.dll
0x00007ffe6e490000 - 0x00007ffe6e4a8000 	C:\Program Files\Java\jdk1.8.0_261\jre\bin\zip.dll
0x00007ffec9fd0000 - 0x00007ffeca714000 	C:\WINDOWS\System32\SHELL32.dll
0x00007ffec6170000 - 0x00007ffec6904000 	C:\WINDOWS\SYSTEM32\windows.storage.dll
0x00007ffec9080000 - 0x00007ffec93d4000 	C:\WINDOWS\System32\combase.dll
0x00007ffec7ab0000 - 0x00007ffec7ae0000 	C:\WINDOWS\SYSTEM32\Wldp.dll
0x00007ffec95c0000 - 0x00007ffec966d000 	C:\WINDOWS\System32\SHCORE.dll
0x00007ffec99d0000 - 0x00007ffec9a25000 	C:\WINDOWS\System32\shlwapi.dll
0x00007ffec7f90000 - 0x00007ffec7faf000 	C:\WINDOWS\SYSTEM32\profapi.dll
0x00007ffe6e470000 - 0x00007ffe6e48c000 	C:\Program Files\Java\jdk1.8.0_261\jre\bin\net.dll
0x00007ffec7810000 - 0x00007ffec787a000 	C:\WINDOWS\system32\mswsock.dll
0x00007ffe6e450000 - 0x00007ffe6e463000 	C:\Program Files\Java\jdk1.8.0_261\jre\bin\nio.dll
0x00007ffea14c0000 - 0x00007ffea1535000 	C:\Users\owickman1101\AppData\Local\Temp\lwjglowickman1101\3.3.1-build-7\lwjgl.dll
0x00007ffea3c30000 - 0x00007ffea3c8d000 	C:\Users\owickman1101\AppData\Local\Temp\lwjglowickman1101\3.3.1-build-7\lwjgl_opengl.dll
0x00007ffe76280000 - 0x00007ffe763a7000 	C:\WINDOWS\SYSTEM32\opengl32.dll
0x00007ffe766d0000 - 0x00007ffe766fc000 	C:\WINDOWS\SYSTEM32\GLU32.dll
0x00007ffe9ce70000 - 0x00007ffe9d0c9000 	C:\Users\OWICKM~1\AppData\Local\Temp\lwjglowickman1101\3.3.1-build-7\jemalloc.dll
0x00007ffeacf30000 - 0x00007ffead114000 	C:\WINDOWS\SYSTEM32\dbghelp.dll
0x00007ffec8410000 - 0x00007ffec8492000 	C:\WINDOWS\System32\bcryptPrimitives.dll

VM Arguments:
jvm_args: -Dfile.encoding=windows-1252 -Duser.country=US -Duser.language=en -Duser.variant 
java_command: game.shenanigans.HelloWorld
java_class_path (initial): C:\Users\owickman1101\IdeaProjects\Shenanigans\build\classes\java\main;C:\Users\owickman1101\IdeaProjects\Shenanigans\build\resources\main;C:\Users\owickman1101\.gradle\caches\modules-2\files-2.1\org.lwjgl\lwjgl-assimp\3.3.1\312072f451794f25670aebb0160ce6ec88aff842\lwjgl-assimp-3.3.1.jar;C:\Users\owickman1101\.gradle\caches\modules-2\files-2.1\org.lwjgl\lwjgl-assimp\3.3.1\bfa2a0d57acbf952b716d0ad8a3acbd7ad9f5639\lwjgl-assimp-3.3.1-natives-windows.jar;C:\Users\owickman1101\.gradle\caches\modules-2\files-2.1\org.lwjgl\lwjgl-bgfx\3.3.1\4243b7d255d885980f10c36edfb678729493685e\lwjgl-bgfx-3.3.1.jar;C:\Users\owickman1101\.gradle\caches\modules-2\files-2.1\org.lwjgl\lwjgl-bgfx\3.3.1\12f22e13c99db9153124dbc17b84fe0233c6f3d5\lwjgl-bgfx-3.3.1-natives-windows.jar;C:\Users\owickman1101\.gradle\caches\modules-2\files-2.1\org.lwjgl\lwjgl-cuda\3.3.1\8b67bd7760450f890eade8f74bfaf0dca10821fe\lwjgl-cuda-3.3.1.jar;C:\Users\owickman1101\.gradle\caches\modules-2\files-2.1\org.lwjgl\lwjgl-egl\3.3.1\8399e6734ad7d97d2e1f865b2c6c5232d5126dca\lwjgl-egl-3.3.1.jar;C:\Users\owickman1101\.gradle\caches\modules-2\files-2.1\org.lwjgl\lwjgl-glfw\3.3.1\cbac1b8d30cb4795149c1ef540f912671a8616d0\lwjgl-glfw-3.3.1.jar;C:\Users\owickman1101\.gradle\caches\modules-2\files-2.1\org.lwjgl\lwjgl-glfw\3.3.1\ed892f945cf7e79c8756796f32d00fa4ceaf573b\lwjgl-glfw-3.3.1-natives-windows.jar;C:\Users\owickman1101\.gradle\caches\modules-2\files-2.1\org.lwjgl\lwjgl-jawt\3.3.1\30330b16b809655d42f4951ece57f425cce43ce2\lwjgl-jawt-3.3.1.jar;C:\Users\owickman1101\.gradle\caches\modules-2\files-2.1\org.lwjgl\lwjgl-jemalloc\3.3.1\a817bcf213db49f710603677457567c37d53e103\lwjgl-jemalloc-3.3.1.jar;C:\Users\owickman1101\.gradle\caches\modules-2\files-2.1\org.lwjgl\lwjgl-jemalloc\3.3.1\948a89b76a16aa324b046ae9308891216ffce5f9\lwjgl-jemalloc-3.3.1-natives-windows.jar;C:\Users\owickman1101\.gradle\caches\modules-2\files-2.1\org.lwjgl\lwjgl-libdivide\3.3.1\ed21d21e4f3d508908ef1a23d885e73983f244ea\lwjgl-libd
Launcher Type: SUN_STANDARD

Environment Variables:
PATH=C:\Program Files (x86)\Common Files\Oracle\Java\javapath;C:\Program Files (x86)\Python38-32\Scripts\;C:\Program Files (x86)\Python38-32\;C:\WINDOWS\system32;C:\WINDOWS;C:\WINDOWS\System32\Wbem;C:\WINDOWS\System32\WindowsPowerShell\v1.0\;C:\WINDOWS\System32\OpenSSH\;C:\Program Files\Git\cmd;C:\Program Files\nodejs\;C:\Program Files (x86)\IVI Foundation\VISA\WinNT\Bin;C:\Program Files\dotnet\;C:\Users\owickman1101\AppData\Local\Microsoft\WindowsApps;
USERNAME=owickman1101
OS=Windows_NT
PROCESSOR_IDENTIFIER=Intel64 Family 6 Model 158 Stepping 10, GenuineIntel



---------------  S Y S T E M  ---------------

OS: Windows 10.0 , 64 bit Build 19041 (10.0.19041.1889)

CPU:total 12 (initial active 12) (6 cores per cpu, 2 threads per core) family 6 model 158 stepping 10, cmov, cx8, fxsr, mmx, sse, sse2, sse3, ssse3, sse4.1, sse4.2, popcnt, avx, avx2, aes, clmul, erms, rtm, 3dnowpref, lzcnt, ht, tsc, tscinvbit, bmi1, bmi2, adx

Memory: 4k page, physical 16446072k(8426188k free), swap 18936440k(7797612k free)

vm_info: Java HotSpot(TM) 64-Bit Server VM (25.261-b12) for windows-amd64 JRE (1.8.0_261-b12), built on Jun 18 2020 06:56:32 by "" with unknown MS VC++:1916

time: Thu Sep 15 09:00:53 2022
timezone: Pacific Daylight Time
elapsed time: 0 seconds (0d 0h 0m 0s)

